-------------------------------------------------------------------------------
Test set: tokyo.t6sdl.dancerscareer2019.DancersCareer2019ApplicationTests
-------------------------------------------------------------------------------
Tests run: 1, Failures: 0, Errors: 1, Skipped: 0, Time elapsed: 5.639 s <<< FAILURE! - in tokyo.t6sdl.dancerscareer2019.DancersCareer2019ApplicationTests
contextLoads(tokyo.t6sdl.dancerscareer2019.DancersCareer2019ApplicationTests)  Time elapsed: 0.025 s  <<< ERROR!
java.lang.IllegalStateException: Failed to load ApplicationContext
Caused by: org.springframework.beans.factory.UnsatisfiedDependencyException: Error creating bean with name 'authenticationConfig': Unsatisfied dependency expressed through method 'setAccountService' parameter 0; nested exception is org.springframework.beans.factory.UnsatisfiedDependencyException: Error creating bean with name 'accountService' defined in file [/Users/Akihiro/Desktop/engineer/spring/dancersCareer2019/target/classes/tokyo/t6sdl/dancerscareer2019/service/AccountService.class]: Unsatisfied dependency expressed through constructor parameter 0; nested exception is org.springframework.beans.factory.UnsatisfiedDependencyException: Error creating bean with name 'jdbcAccountRepository' defined in file [/Users/Akihiro/Desktop/engineer/spring/dancersCareer2019/target/classes/tokyo/t6sdl/dancerscareer2019/repository/jdbc/JdbcAccountRepository.class]: Unsatisfied dependency expressed through constructor parameter 0; nested exception is org.springframework.beans.factory.BeanCreationException: Error creating bean with name 'org.springframework.boot.autoconfigure.flyway.FlywayAutoConfiguration$FlywayConfiguration': Bean instantiation via constructor failed; nested exception is org.springframework.beans.BeanInstantiationException: Failed to instantiate [org.springframework.boot.autoconfigure.flyway.FlywayAutoConfiguration$FlywayConfiguration$$EnhancerBySpringCGLIB$$2e53f9b5]: Constructor threw exception; nested exception is org.springframework.beans.factory.BeanCreationException: Error creating bean with name 'dataSource' defined in class path resource [tokyo/t6sdl/dancerscareer2019/config/AppConfig.class]: Bean instantiation via factory method failed; nested exception is org.springframework.beans.BeanInstantiationException: Failed to instantiate [javax.sql.DataSource]: Factory method 'dataSource' threw exception; nested exception is java.lang.IllegalArgumentException: jdbcUrl is required with driverClassName.
Caused by: org.springframework.beans.factory.UnsatisfiedDependencyException: Error creating bean with name 'accountService' defined in file [/Users/Akihiro/Desktop/engineer/spring/dancersCareer2019/target/classes/tokyo/t6sdl/dancerscareer2019/service/AccountService.class]: Unsatisfied dependency expressed through constructor parameter 0; nested exception is org.springframework.beans.factory.UnsatisfiedDependencyException: Error creating bean with name 'jdbcAccountRepository' defined in file [/Users/Akihiro/Desktop/engineer/spring/dancersCareer2019/target/classes/tokyo/t6sdl/dancerscareer2019/repository/jdbc/JdbcAccountRepository.class]: Unsatisfied dependency expressed through constructor parameter 0; nested exception is org.springframework.beans.factory.BeanCreationException: Error creating bean with name 'org.springframework.boot.autoconfigure.flyway.FlywayAutoConfiguration$FlywayConfiguration': Bean instantiation via constructor failed; nested exception is org.springframework.beans.BeanInstantiationException: Failed to instantiate [org.springframework.boot.autoconfigure.flyway.FlywayAutoConfiguration$FlywayConfiguration$$EnhancerBySpringCGLIB$$2e53f9b5]: Constructor threw exception; nested exception is org.springframework.beans.factory.BeanCreationException: Error creating bean with name 'dataSource' defined in class path resource [tokyo/t6sdl/dancerscareer2019/config/AppConfig.class]: Bean instantiation via factory method failed; nested exception is org.springframework.beans.BeanInstantiationException: Failed to instantiate [javax.sql.DataSource]: Factory method 'dataSource' threw exception; nested exception is java.lang.IllegalArgumentException: jdbcUrl is required with driverClassName.
Caused by: org.springframework.beans.factory.UnsatisfiedDependencyException: Error creating bean with name 'jdbcAccountRepository' defined in file [/Users/Akihiro/Desktop/engineer/spring/dancersCareer2019/target/classes/tokyo/t6sdl/dancerscareer2019/repository/jdbc/JdbcAccountRepository.class]: Unsatisfied dependency expressed through constructor parameter 0; nested exception is org.springframework.beans.factory.BeanCreationException: Error creating bean with name 'org.springframework.boot.autoconfigure.flyway.FlywayAutoConfiguration$FlywayConfiguration': Bean instantiation via constructor failed; nested exception is org.springframework.beans.BeanInstantiationException: Failed to instantiate [org.springframework.boot.autoconfigure.flyway.FlywayAutoConfiguration$FlywayConfiguration$$EnhancerBySpringCGLIB$$2e53f9b5]: Constructor threw exception; nested exception is org.springframework.beans.factory.BeanCreationException: Error creating bean with name 'dataSource' defined in class path resource [tokyo/t6sdl/dancerscareer2019/config/AppConfig.class]: Bean instantiation via factory method failed; nested exception is org.springframework.beans.BeanInstantiationException: Failed to instantiate [javax.sql.DataSource]: Factory method 'dataSource' threw exception; nested exception is java.lang.IllegalArgumentException: jdbcUrl is required with driverClassName.
Caused by: org.springframework.beans.factory.BeanCreationException: Error creating bean with name 'org.springframework.boot.autoconfigure.flyway.FlywayAutoConfiguration$FlywayConfiguration': Bean instantiation via constructor failed; nested exception is org.springframework.beans.BeanInstantiationException: Failed to instantiate [org.springframework.boot.autoconfigure.flyway.FlywayAutoConfiguration$FlywayConfiguration$$EnhancerBySpringCGLIB$$2e53f9b5]: Constructor threw exception; nested exception is org.springframework.beans.factory.BeanCreationException: Error creating bean with name 'dataSource' defined in class path resource [tokyo/t6sdl/dancerscareer2019/config/AppConfig.class]: Bean instantiation via factory method failed; nested exception is org.springframework.beans.BeanInstantiationException: Failed to instantiate [javax.sql.DataSource]: Factory method 'dataSource' threw exception; nested exception is java.lang.IllegalArgumentException: jdbcUrl is required with driverClassName.
Caused by: org.springframework.beans.BeanInstantiationException: Failed to instantiate [org.springframework.boot.autoconfigure.flyway.FlywayAutoConfiguration$FlywayConfiguration$$EnhancerBySpringCGLIB$$2e53f9b5]: Constructor threw exception; nested exception is org.springframework.beans.factory.BeanCreationException: Error creating bean with name 'dataSource' defined in class path resource [tokyo/t6sdl/dancerscareer2019/config/AppConfig.class]: Bean instantiation via factory method failed; nested exception is org.springframework.beans.BeanInstantiationException: Failed to instantiate [javax.sql.DataSource]: Factory method 'dataSource' threw exception; nested exception is java.lang.IllegalArgumentException: jdbcUrl is required with driverClassName.
Caused by: org.springframework.beans.factory.BeanCreationException: Error creating bean with name 'dataSource' defined in class path resource [tokyo/t6sdl/dancerscareer2019/config/AppConfig.class]: Bean instantiation via factory method failed; nested exception is org.springframework.beans.BeanInstantiationException: Failed to instantiate [javax.sql.DataSource]: Factory method 'dataSource' threw exception; nested exception is java.lang.IllegalArgumentException: jdbcUrl is required with driverClassName.
Caused by: org.springframework.beans.BeanInstantiationException: Failed to instantiate [javax.sql.DataSource]: Factory method 'dataSource' threw exception; nested exception is java.lang.IllegalArgumentException: jdbcUrl is required with driverClassName.
Caused by: java.lang.IllegalArgumentException: jdbcUrl is required with driverClassName.

